<?xml version="1.0" encoding="UTF-8"?>
<coverage generated="1731819755754" clover="3.2.0">
  <project timestamp="1731819755754" name="All files">
    <metrics statements="36" coveredstatements="11" conditionals="13" coveredconditionals="6" methods="7" coveredmethods="1" elements="56" coveredelements="18" complexity="0" loc="36" ncloc="36" packages="2" files="2" classes="2"/>
    <package name="db">
      <metrics statements="12" coveredstatements="6" conditionals="10" coveredconditionals="6" methods="2" coveredmethods="0"/>
      <file name="db.ts" path="C:\Users\yalanday\Desktop\my-fullstack-app\backend\src\db\db.ts">
        <metrics statements="12" coveredstatements="6" conditionals="10" coveredconditionals="6" methods="2" coveredmethods="0"/>
        <line num="1" count="1" type="stmt"/>
        <line num="2" count="1" type="stmt"/>
        <line num="3" count="1" type="stmt"/>
        <line num="5" count="1" type="stmt"/>
        <line num="7" count="1" type="stmt"/>
        <line num="16" count="1" type="stmt"/>
        <line num="17" count="0" type="stmt"/>
        <line num="18" count="0" type="stmt"/>
        <line num="19" count="0" type="stmt"/>
        <line num="20" count="0" type="stmt"/>
        <line num="22" count="0" type="stmt"/>
        <line num="23" count="0" type="stmt"/>
      </file>
    </package>
    <package name="services">
      <metrics statements="24" coveredstatements="5" conditionals="3" coveredconditionals="0" methods="5" coveredmethods="1"/>
      <file name="user-services.ts" path="C:\Users\yalanday\Desktop\my-fullstack-app\backend\src\services\user-services.ts">
        <metrics statements="24" coveredstatements="5" conditionals="3" coveredconditionals="0" methods="5" coveredmethods="1"/>
        <line num="2" count="1" type="stmt"/>
        <line num="6" count="1" type="stmt"/>
        <line num="7" count="0" type="stmt"/>
        <line num="9" count="0" type="stmt"/>
        <line num="11" count="0" type="stmt"/>
        <line num="12" count="0" type="stmt"/>
        <line num="13" count="0" type="stmt"/>
        <line num="15" count="0" type="stmt"/>
        <line num="16" count="0" type="stmt"/>
        <line num="18" count="0" type="stmt"/>
        <line num="28" count="1" type="stmt"/>
        <line num="29" count="0" type="stmt"/>
        <line num="32" count="0" type="cond" truecount="0" falsecount="3"/>
        <line num="33" count="0" type="stmt"/>
        <line num="34" count="0" type="stmt"/>
        <line num="37" count="0" type="stmt"/>
        <line num="39" count="0" type="stmt"/>
        <line num="42" count="0" type="stmt"/>
        <line num="43" count="0" type="stmt"/>
        <line num="46" count="0" type="stmt"/>
        <line num="48" count="0" type="stmt"/>
        <line num="49" count="0" type="stmt"/>
        <line num="53" count="1" type="stmt"/>
        <line num="54" count="1" type="stmt"/>
      </file>
    </package>
  </project>
</coverage>
