{"D:\\projects\\my-fullstack-app\\backend\\src\\db\\db.ts": {"path":"D:\\projects\\my-fullstack-app\\backend\\src\\db\\db.ts","statementMap":{"0":{"start":{"line":1,"column":0},"end":{"line":1,"column":35}},"1":{"start":{"line":2,"column":0},"end":{"line":2,"column":28}},"2":{"start":{"line":3,"column":0},"end":{"line":3,"column":20}},"3":{"start":{"line":4,"column":0},"end":{"line":4,"column":24}},"4":{"start":{"line":6,"column":0},"end":{"line":6,"column":16}},"5":{"start":{"line":8,"column":17},"end":{"line":14,"column":2}},"6":{"start":{"line":17,"column":27},"end":{"line":33,"column":2}},"7":{"start":{"line":17,"column":84},"end":{"line":33,"column":2}},"8":{"start":{"line":18,"column":4},"end":{"line":32,"column":5}},"9":{"start":{"line":20,"column":25},"end":{"line":20,"column":59}},"10":{"start":{"line":23,"column":24},"end":{"line":23,"column":104}},"11":{"start":{"line":23,"column":57},"end":{"line":23,"column":69}},"12":{"start":{"line":23,"column":87},"end":{"line":23,"column":103}},"13":{"start":{"line":26,"column":8},"end":{"line":29,"column":9}},"14":{"start":{"line":27,"column":12},"end":{"line":27,"column":42}},"15":{"start":{"line":28,"column":12},"end":{"line":28,"column":55}},"16":{"start":{"line":31,"column":8},"end":{"line":31,"column":63}},"17":{"start":{"line":35,"column":27},"end":{"line":52,"column":2}},"18":{"start":{"line":35,"column":38},"end":{"line":52,"column":2}},"19":{"start":{"line":36,"column":4},"end":{"line":51,"column":5}},"20":{"start":{"line":38,"column":27},"end":{"line":38,"column":65}},"21":{"start":{"line":39,"column":8},"end":{"line":39,"column":58}},"22":{"start":{"line":42,"column":31},"end":{"line":42,"column":65}},"23":{"start":{"line":45,"column":8},"end":{"line":45,"column":61}},"24":{"start":{"line":47,"column":8},"end":{"line":47,"column":26}},"25":{"start":{"line":49,"column":8},"end":{"line":49,"column":69}},"26":{"start":{"line":50,"column":8},"end":{"line":50,"column":24}},"27":{"start":{"line":35,"column":13},"end":{"line":35,"column":27}}},"fnMap":{"0":{"name":"(anonymous_8)","decl":{"start":{"line":17,"column":27},"end":{"line":17,"column":34}},"loc":{"start":{"line":17,"column":84},"end":{"line":33,"column":2}}},"1":{"name":"(anonymous_9)","decl":{"start":{"line":17,"column":84},"end":{"line":17,"column":null}},"loc":{"start":{"line":17,"column":84},"end":{"line":33,"column":1}}},"2":{"name":"(anonymous_10)","decl":{"start":{"line":23,"column":48},"end":{"line":23,"column":53}},"loc":{"start":{"line":23,"column":57},"end":{"line":23,"column":69}}},"3":{"name":"(anonymous_11)","decl":{"start":{"line":23,"column":78},"end":{"line":23,"column":83}},"loc":{"start":{"line":23,"column":87},"end":{"line":23,"column":103}}},"4":{"name":"(anonymous_12)","decl":{"start":{"line":35,"column":27},"end":{"line":35,"column":36}},"loc":{"start":{"line":35,"column":38},"end":{"line":52,"column":2}}},"5":{"name":"(anonymous_13)","decl":{"start":{"line":35,"column":38},"end":{"line":35,"column":null}},"loc":{"start":{"line":35,"column":38},"end":{"line":52,"column":1}}}},"branchMap":{"0":{"loc":{"start":{"line":9,"column":10},"end":{"line":9,"column":44}},"type":"binary-expr","locations":[{"start":{"line":9,"column":10},"end":{"line":9,"column":29}},{"start":{"line":9,"column":33},"end":{"line":9,"column":44}}]},"1":{"loc":{"start":{"line":10,"column":10},"end":{"line":10,"column":39}},"type":"binary-expr","locations":[{"start":{"line":10,"column":10},"end":{"line":10,"column":29}},{"start":{"line":10,"column":33},"end":{"line":10,"column":39}}]},"2":{"loc":{"start":{"line":11,"column":14},"end":{"line":11,"column":47}},"type":"binary-expr","locations":[{"start":{"line":11,"column":14},"end":{"line":11,"column":37}},{"start":{"line":11,"column":41},"end":{"line":11,"column":47}}]},"3":{"loc":{"start":{"line":12,"column":14},"end":{"line":12,"column":50}},"type":"binary-expr","locations":[{"start":{"line":12,"column":14},"end":{"line":12,"column":33}},{"start":{"line":12,"column":37},"end":{"line":12,"column":50}}]},"4":{"loc":{"start":{"line":13,"column":10},"end":{"line":13,"column":45}},"type":"binary-expr","locations":[{"start":{"line":13,"column":10},"end":{"line":13,"column":37}},{"start":{"line":13,"column":41},"end":{"line":13,"column":45}}]}},"s":{"0":1,"1":1,"2":1,"3":1,"4":1,"5":1,"6":1,"7":0,"8":0,"9":0,"10":0,"11":0,"12":0,"13":0,"14":0,"15":0,"16":0,"17":1,"18":0,"19":0,"20":0,"21":0,"22":0,"23":0,"24":0,"25":0,"26":0,"27":1},"f":{"0":0,"1":0,"2":0,"3":0,"4":0,"5":0},"b":{"0":[1,0],"1":[1,1],"2":[1,0],"3":[1,0],"4":[1,0]}}
,"D:\\projects\\my-fullstack-app\\backend\\src\\helpers\\validation.ts": {"path":"D:\\projects\\my-fullstack-app\\backend\\src\\helpers\\validation.ts","statementMap":{"0":{"start":{"line":6,"column":8},"end":{"line":6,"column":43}},"1":{"start":{"line":19,"column":8},"end":{"line":19,"column":49}},"2":{"start":{"line":1,"column":0},"end":{"line":1,"column":13}},"3":{"start":{"line":2,"column":28},"end":{"line":2,"column":91}},"4":{"start":{"line":3,"column":28},"end":{"line":3,"column":115}},"5":{"start":{"line":9,"column":11},"end":{"line":16,"column":null}},"6":{"start":{"line":22,"column":11},"end":{"line":30,"column":null}}},"fnMap":{"0":{"name":"(anonymous_0)","decl":{"start":{"line":5,"column":4},"end":{"line":5,"column":10}},"loc":{"start":{"line":5,"column":30},"end":{"line":7,"column":5}}},"1":{"name":"(anonymous_1)","decl":{"start":{"line":18,"column":4},"end":{"line":18,"column":10}},"loc":{"start":{"line":18,"column":36},"end":{"line":20,"column":5}}}},"branchMap":{},"s":{"0":2,"1":2,"2":1,"3":1,"4":1,"5":1,"6":1},"f":{"0":2,"1":2},"b":{}}
,"D:\\projects\\my-fullstack-app\\backend\\src\\services\\user-services.ts": {"path":"D:\\projects\\my-fullstack-app\\backend\\src\\services\\user-services.ts","statementMap":{"0":{"start":{"line":3,"column":0},"end":{"line":3,"column":37}},"1":{"start":{"line":5,"column":0},"end":{"line":5,"column":31}},"2":{"start":{"line":11,"column":0},"end":{"line":11,"column":49}},"3":{"start":{"line":14,"column":27},"end":{"line":36,"column":2}},"4":{"start":{"line":14,"column":100},"end":{"line":36,"column":2}},"5":{"start":{"line":16,"column":4},"end":{"line":35,"column":5}},"6":{"start":{"line":17,"column":8},"end":{"line":17,"column":41}},"7":{"start":{"line":20,"column":23},"end":{"line":20,"column":87}},"8":{"start":{"line":21,"column":8},"end":{"line":21,"column":52}},"9":{"start":{"line":22,"column":8},"end":{"line":22,"column":23}},"10":{"start":{"line":24,"column":8},"end":{"line":24,"column":57}},"11":{"start":{"line":25,"column":8},"end":{"line":25,"column":20}},"12":{"start":{"line":27,"column":8},"end":{"line":33,"column":9}},"13":{"start":{"line":28,"column":12},"end":{"line":32,"column":13}},"14":{"start":{"line":29,"column":16},"end":{"line":29,"column":39}},"15":{"start":{"line":31,"column":16},"end":{"line":31,"column":73}},"16":{"start":{"line":14,"column":13},"end":{"line":14,"column":27}},"17":{"start":{"line":41,"column":23},"end":{"line":87,"column":2}},"18":{"start":{"line":41,"column":121},"end":{"line":87,"column":2}},"19":{"start":{"line":43,"column":36},"end":{"line":43,"column":44}},"20":{"start":{"line":45,"column":4},"end":{"line":48,"column":5}},"21":{"start":{"line":46,"column":8},"end":{"line":46,"column":82}},"22":{"start":{"line":47,"column":8},"end":{"line":47,"column":15}},"23":{"start":{"line":50,"column":4},"end":{"line":53,"column":5}},"24":{"start":{"line":51,"column":8},"end":{"line":51,"column":58}},"25":{"start":{"line":52,"column":8},"end":{"line":52,"column":15}},"26":{"start":{"line":55,"column":4},"end":{"line":58,"column":5}},"27":{"start":{"line":56,"column":8},"end":{"line":56,"column":61}},"28":{"start":{"line":57,"column":8},"end":{"line":57,"column":15}},"29":{"start":{"line":62,"column":4},"end":{"line":86,"column":5}},"30":{"start":{"line":63,"column":8},"end":{"line":63,"column":41}},"31":{"start":{"line":64,"column":25},"end":{"line":64,"column":153}},"32":{"start":{"line":65,"column":8},"end":{"line":65,"column":31}},"33":{"start":{"line":67,"column":22},"end":{"line":71,"column":10}},"34":{"start":{"line":74,"column":8},"end":{"line":74,"column":99}},"35":{"start":{"line":76,"column":8},"end":{"line":76,"column":53}},"36":{"start":{"line":77,"column":8},"end":{"line":77,"column":62}},"37":{"start":{"line":79,"column":8},"end":{"line":85,"column":9}},"38":{"start":{"line":80,"column":12},"end":{"line":84,"column":13}},"39":{"start":{"line":81,"column":16},"end":{"line":81,"column":39}},"40":{"start":{"line":83,"column":16},"end":{"line":83,"column":73}},"41":{"start":{"line":41,"column":13},"end":{"line":41,"column":23}},"42":{"start":{"line":90,"column":26},"end":{"line":117,"column":null}},"43":{"start":{"line":90,"column":99},"end":{"line":117,"column":null}},"44":{"start":{"line":91,"column":4},"end":{"line":94,"column":5}},"45":{"start":{"line":92,"column":8},"end":{"line":92,"column":58}},"46":{"start":{"line":93,"column":8},"end":{"line":93,"column":15}},"47":{"start":{"line":99,"column":4},"end":{"line":115,"column":5}},"48":{"start":{"line":100,"column":8},"end":{"line":100,"column":41}},"49":{"start":{"line":101,"column":25},"end":{"line":101,"column":117}},"50":{"start":{"line":102,"column":8},"end":{"line":102,"column":69}},"51":{"start":{"line":104,"column":8},"end":{"line":104,"column":55}},"52":{"start":{"line":105,"column":8},"end":{"line":105,"column":65}},"53":{"start":{"line":107,"column":8},"end":{"line":114,"column":9}},"54":{"start":{"line":108,"column":12},"end":{"line":112,"column":13}},"55":{"start":{"line":109,"column":16},"end":{"line":109,"column":39}},"56":{"start":{"line":111,"column":16},"end":{"line":111,"column":73}},"57":{"start":{"line":90,"column":13},"end":{"line":90,"column":26}},"58":{"start":{"line":119,"column":26},"end":{"line":143,"column":null}},"59":{"start":{"line":119,"column":99},"end":{"line":143,"column":null}},"60":{"start":{"line":120,"column":4},"end":{"line":123,"column":5}},"61":{"start":{"line":121,"column":8},"end":{"line":121,"column":58}},"62":{"start":{"line":122,"column":8},"end":{"line":122,"column":15}},"63":{"start":{"line":127,"column":4},"end":{"line":142,"column":5}},"64":{"start":{"line":128,"column":8},"end":{"line":128,"column":41}},"65":{"start":{"line":129,"column":25},"end":{"line":129,"column":167}},"66":{"start":{"line":130,"column":8},"end":{"line":130,"column":69}},"67":{"start":{"line":132,"column":8},"end":{"line":132,"column":55}},"68":{"start":{"line":133,"column":8},"end":{"line":133,"column":65}},"69":{"start":{"line":135,"column":8},"end":{"line":141,"column":9}},"70":{"start":{"line":136,"column":12},"end":{"line":140,"column":13}},"71":{"start":{"line":137,"column":16},"end":{"line":137,"column":39}},"72":{"start":{"line":139,"column":16},"end":{"line":139,"column":73}},"73":{"start":{"line":119,"column":13},"end":{"line":119,"column":26}},"74":{"start":{"line":146,"column":26},"end":{"line":148,"column":1}},"75":{"start":{"line":147,"column":4},"end":{"line":147,"column":17}},"76":{"start":{"line":146,"column":13},"end":{"line":146,"column":26}}},"fnMap":{"0":{"name":"(anonymous_8)","decl":{"start":{"line":14,"column":27},"end":{"line":14,"column":34}},"loc":{"start":{"line":14,"column":100},"end":{"line":36,"column":2}}},"1":{"name":"(anonymous_9)","decl":{"start":{"line":14,"column":100},"end":{"line":14,"column":null}},"loc":{"start":{"line":14,"column":100},"end":{"line":36,"column":1}}},"2":{"name":"(anonymous_10)","decl":{"start":{"line":41,"column":23},"end":{"line":41,"column":30}},"loc":{"start":{"line":41,"column":121},"end":{"line":87,"column":2}}},"3":{"name":"(anonymous_11)","decl":{"start":{"line":41,"column":121},"end":{"line":41,"column":null}},"loc":{"start":{"line":41,"column":121},"end":{"line":87,"column":1}}},"4":{"name":"(anonymous_12)","decl":{"start":{"line":90,"column":26},"end":{"line":90,"column":33}},"loc":{"start":{"line":90,"column":99},"end":{"line":117,"column":null}}},"5":{"name":"(anonymous_13)","decl":{"start":{"line":90,"column":99},"end":{"line":90,"column":null}},"loc":{"start":{"line":90,"column":99},"end":{"line":117,"column":1}}},"6":{"name":"(anonymous_14)","decl":{"start":{"line":119,"column":26},"end":{"line":119,"column":33}},"loc":{"start":{"line":119,"column":99},"end":{"line":143,"column":null}}},"7":{"name":"(anonymous_15)","decl":{"start":{"line":119,"column":99},"end":{"line":119,"column":null}},"loc":{"start":{"line":119,"column":99},"end":{"line":143,"column":1}}},"8":{"name":"(anonymous_16)","decl":{"start":{"line":146,"column":26},"end":{"line":146,"column":27}},"loc":{"start":{"line":146,"column":51},"end":{"line":148,"column":1}}}},"branchMap":{"0":{"loc":{"start":{"line":27,"column":8},"end":{"line":33,"column":9}},"type":"if","locations":[{"start":{"line":27,"column":8},"end":{"line":33,"column":9}}]},"1":{"loc":{"start":{"line":45,"column":4},"end":{"line":48,"column":5}},"type":"if","locations":[{"start":{"line":45,"column":4},"end":{"line":48,"column":5}}]},"2":{"loc":{"start":{"line":45,"column":8},"end":{"line":45,"column":36}},"type":"binary-expr","locations":[{"start":{"line":45,"column":8},"end":{"line":45,"column":13}},{"start":{"line":45,"column":17},"end":{"line":45,"column":23}},{"start":{"line":45,"column":27},"end":{"line":45,"column":36}}]},"3":{"loc":{"start":{"line":50,"column":4},"end":{"line":53,"column":5}},"type":"if","locations":[{"start":{"line":50,"column":4},"end":{"line":53,"column":5}}]},"4":{"loc":{"start":{"line":55,"column":4},"end":{"line":58,"column":5}},"type":"if","locations":[{"start":{"line":55,"column":4},"end":{"line":58,"column":5}}]},"5":{"loc":{"start":{"line":69,"column":12},"end":{"line":69,"column":53}},"type":"binary-expr","locations":[{"start":{"line":69,"column":12},"end":{"line":69,"column":34}},{"start":{"line":69,"column":38},"end":{"line":69,"column":53}}]},"6":{"loc":{"start":{"line":79,"column":8},"end":{"line":85,"column":9}},"type":"if","locations":[{"start":{"line":79,"column":8},"end":{"line":85,"column":9}}]},"7":{"loc":{"start":{"line":91,"column":4},"end":{"line":94,"column":5}},"type":"if","locations":[{"start":{"line":91,"column":4},"end":{"line":94,"column":5}}]},"8":{"loc":{"start":{"line":107,"column":8},"end":{"line":114,"column":9}},"type":"if","locations":[{"start":{"line":107,"column":8},"end":{"line":114,"column":9}}]},"9":{"loc":{"start":{"line":120,"column":4},"end":{"line":123,"column":5}},"type":"if","locations":[{"start":{"line":120,"column":4},"end":{"line":123,"column":5}}]},"10":{"loc":{"start":{"line":135,"column":8},"end":{"line":141,"column":9}},"type":"if","locations":[{"start":{"line":135,"column":8},"end":{"line":141,"column":9}}]}},"s":{"0":1,"1":1,"2":1,"3":1,"4":0,"5":0,"6":0,"7":0,"8":0,"9":0,"10":0,"11":0,"12":0,"13":0,"14":0,"15":0,"16":1,"17":1,"18":0,"19":0,"20":0,"21":0,"22":0,"23":0,"24":0,"25":0,"26":0,"27":0,"28":0,"29":0,"30":0,"31":0,"32":0,"33":0,"34":0,"35":0,"36":0,"37":0,"38":0,"39":0,"40":0,"41":1,"42":1,"43":0,"44":0,"45":0,"46":0,"47":0,"48":0,"49":0,"50":0,"51":0,"52":0,"53":0,"54":0,"55":0,"56":0,"57":1,"58":1,"59":0,"60":0,"61":0,"62":0,"63":0,"64":0,"65":0,"66":0,"67":0,"68":0,"69":0,"70":0,"71":0,"72":0,"73":1,"74":1,"75":0,"76":1},"f":{"0":0,"1":0,"2":0,"3":0,"4":0,"5":0,"6":0,"7":0,"8":0},"b":{"0":[0],"1":[0],"2":[0,0,0],"3":[0],"4":[0],"5":[0,0],"6":[0],"7":[0],"8":[0],"9":[0],"10":[0]}}
}
