{"C:\\Users\\yalanday\\Desktop\\my-fullstack-app\\backend\\src\\db\\db.ts": {"path":"C:\\Users\\yalanday\\Desktop\\my-fullstack-app\\backend\\src\\db\\db.ts","statementMap":{"0":{"start":{"line":1,"column":0},"end":{"line":1,"column":35}},"1":{"start":{"line":2,"column":0},"end":{"line":2,"column":28}},"2":{"start":{"line":3,"column":0},"end":{"line":3,"column":23}},"3":{"start":{"line":5,"column":0},"end":{"line":5,"column":16}},"4":{"start":{"line":7,"column":17},"end":{"line":13,"column":2}},"5":{"start":{"line":16,"column":27},"end":{"line":25,"column":2}},"6":{"start":{"line":16,"column":38},"end":{"line":25,"column":2}},"7":{"start":{"line":17,"column":4},"end":{"line":24,"column":5}},"8":{"start":{"line":18,"column":27},"end":{"line":18,"column":65}},"9":{"start":{"line":19,"column":8},"end":{"line":19,"column":58}},"10":{"start":{"line":20,"column":8},"end":{"line":20,"column":26}},"11":{"start":{"line":22,"column":8},"end":{"line":22,"column":69}},"12":{"start":{"line":23,"column":8},"end":{"line":23,"column":24}},"13":{"start":{"line":16,"column":13},"end":{"line":16,"column":27}}},"fnMap":{"0":{"name":"(anonymous_8)","decl":{"start":{"line":16,"column":27},"end":{"line":16,"column":36}},"loc":{"start":{"line":16,"column":38},"end":{"line":25,"column":2}}},"1":{"name":"(anonymous_9)","decl":{"start":{"line":16,"column":38},"end":{"line":16,"column":null}},"loc":{"start":{"line":16,"column":38},"end":{"line":25,"column":1}}}},"branchMap":{"0":{"loc":{"start":{"line":8,"column":10},"end":{"line":8,"column":44}},"type":"binary-expr","locations":[{"start":{"line":8,"column":10},"end":{"line":8,"column":29}},{"start":{"line":8,"column":33},"end":{"line":8,"column":44}}]},"1":{"loc":{"start":{"line":9,"column":10},"end":{"line":9,"column":39}},"type":"binary-expr","locations":[{"start":{"line":9,"column":10},"end":{"line":9,"column":29}},{"start":{"line":9,"column":33},"end":{"line":9,"column":39}}]},"2":{"loc":{"start":{"line":10,"column":14},"end":{"line":10,"column":47}},"type":"binary-expr","locations":[{"start":{"line":10,"column":14},"end":{"line":10,"column":37}},{"start":{"line":10,"column":41},"end":{"line":10,"column":47}}]},"3":{"loc":{"start":{"line":11,"column":14},"end":{"line":11,"column":50}},"type":"binary-expr","locations":[{"start":{"line":11,"column":14},"end":{"line":11,"column":33}},{"start":{"line":11,"column":37},"end":{"line":11,"column":50}}]},"4":{"loc":{"start":{"line":12,"column":10},"end":{"line":12,"column":45}},"type":"binary-expr","locations":[{"start":{"line":12,"column":10},"end":{"line":12,"column":37}},{"start":{"line":12,"column":41},"end":{"line":12,"column":45}}]}},"s":{"0":1,"1":1,"2":1,"3":1,"4":1,"5":1,"6":0,"7":0,"8":0,"9":0,"10":0,"11":0,"12":0,"13":1},"f":{"0":0,"1":0},"b":{"0":[1,0],"1":[1,1],"2":[1,0],"3":[1,0],"4":[1,0]}}
,"C:\\Users\\yalanday\\Desktop\\my-fullstack-app\\backend\\src\\services\\user-services.ts": {"path":"C:\\Users\\yalanday\\Desktop\\my-fullstack-app\\backend\\src\\services\\user-services.ts","statementMap":{"0":{"start":{"line":2,"column":0},"end":{"line":2,"column":37}},"1":{"start":{"line":6,"column":24},"end":{"line":20,"column":2}},"2":{"start":{"line":6,"column":97},"end":{"line":20,"column":2}},"3":{"start":{"line":7,"column":23},"end":{"line":7,"column":42}},"4":{"start":{"line":9,"column":4},"end":{"line":19,"column":5}},"5":{"start":{"line":11,"column":23},"end":{"line":11,"column":87}},"6":{"start":{"line":12,"column":8},"end":{"line":12,"column":52}},"7":{"start":{"line":13,"column":8},"end":{"line":13,"column":23}},"8":{"start":{"line":15,"column":8},"end":{"line":15,"column":57}},"9":{"start":{"line":16,"column":8},"end":{"line":16,"column":20}},"10":{"start":{"line":18,"column":8},"end":{"line":18,"column":31}},"11":{"start":{"line":6,"column":13},"end":{"line":6,"column":24}},"12":{"start":{"line":28,"column":23},"end":{"line":51,"column":2}},"13":{"start":{"line":28,"column":121},"end":{"line":51,"column":2}},"14":{"start":{"line":29,"column":26},"end":{"line":29,"column":34}},"15":{"start":{"line":32,"column":4},"end":{"line":35,"column":5}},"16":{"start":{"line":33,"column":8},"end":{"line":33,"column":71}},"17":{"start":{"line":34,"column":8},"end":{"line":34,"column":15}},"18":{"start":{"line":37,"column":4},"end":{"line":50,"column":5}},"19":{"start":{"line":39,"column":27},"end":{"line":39,"column":46}},"20":{"start":{"line":42,"column":25},"end":{"line":42,"column":123}},"21":{"start":{"line":43,"column":8},"end":{"line":43,"column":31}},"22":{"start":{"line":46,"column":8},"end":{"line":46,"column":92}},"23":{"start":{"line":48,"column":8},"end":{"line":48,"column":53}},"24":{"start":{"line":49,"column":8},"end":{"line":49,"column":62}},"25":{"start":{"line":28,"column":13},"end":{"line":28,"column":23}},"26":{"start":{"line":53,"column":26},"end":{"line":55,"column":1}},"27":{"start":{"line":54,"column":4},"end":{"line":54,"column":17}},"28":{"start":{"line":53,"column":13},"end":{"line":53,"column":26}}},"fnMap":{"0":{"name":"(anonymous_7)","decl":{"start":{"line":6,"column":24},"end":{"line":6,"column":31}},"loc":{"start":{"line":6,"column":97},"end":{"line":20,"column":2}}},"1":{"name":"(anonymous_8)","decl":{"start":{"line":6,"column":97},"end":{"line":6,"column":null}},"loc":{"start":{"line":6,"column":97},"end":{"line":20,"column":1}}},"2":{"name":"(anonymous_9)","decl":{"start":{"line":28,"column":23},"end":{"line":28,"column":30}},"loc":{"start":{"line":28,"column":121},"end":{"line":51,"column":2}}},"3":{"name":"(anonymous_10)","decl":{"start":{"line":28,"column":121},"end":{"line":28,"column":null}},"loc":{"start":{"line":28,"column":121},"end":{"line":51,"column":1}}},"4":{"name":"(anonymous_11)","decl":{"start":{"line":53,"column":26},"end":{"line":53,"column":27}},"loc":{"start":{"line":53,"column":51},"end":{"line":55,"column":1}}}},"branchMap":{"0":{"loc":{"start":{"line":32,"column":4},"end":{"line":35,"column":5}},"type":"if","locations":[{"start":{"line":32,"column":4},"end":{"line":35,"column":5}}]},"1":{"loc":{"start":{"line":32,"column":8},"end":{"line":32,"column":23}},"type":"binary-expr","locations":[{"start":{"line":32,"column":8},"end":{"line":32,"column":13}},{"start":{"line":32,"column":17},"end":{"line":32,"column":23}}]}},"s":{"0":1,"1":1,"2":0,"3":0,"4":0,"5":0,"6":0,"7":0,"8":0,"9":0,"10":0,"11":1,"12":1,"13":0,"14":0,"15":0,"16":0,"17":0,"18":0,"19":0,"20":0,"21":0,"22":0,"23":0,"24":0,"25":1,"26":1,"27":1,"28":1},"f":{"0":0,"1":0,"2":0,"3":0,"4":1},"b":{"0":[0],"1":[0,0]}}
}
