TN:
SF:src\db\db.ts
FN:16,(anonymous_8)
FN:16,(anonymous_9)
FNF:2
FNH:0
FNDA:0,(anonymous_8)
FNDA:0,(anonymous_9)
DA:1,1
DA:2,1
DA:3,1
DA:5,1
DA:7,1
DA:16,1
DA:17,0
DA:18,0
DA:19,0
DA:20,0
DA:22,0
DA:23,0
LF:12
LH:6
BRDA:8,0,0,1
BRDA:8,0,1,0
BRDA:9,1,0,1
BRDA:9,1,1,1
BRDA:10,2,0,1
BRDA:10,2,1,0
BRDA:11,3,0,1
BRDA:11,3,1,0
BRDA:12,4,0,1
BRDA:12,4,1,0
BRF:10
BRH:6
end_of_record
TN:
SF:src\services\user-services.ts
FN:6,(anonymous_7)
FN:6,(anonymous_8)
FN:28,(anonymous_9)
FN:28,(anonymous_10)
FN:53,(anonymous_11)
FNF:5
FNH:1
FNDA:0,(anonymous_7)
FNDA:0,(anonymous_8)
FNDA:0,(anonymous_9)
FNDA:0,(anonymous_10)
FNDA:1,(anonymous_11)
DA:2,1
DA:6,1
DA:7,0
DA:9,0
DA:11,0
DA:12,0
DA:13,0
DA:15,0
DA:16,0
DA:18,0
DA:28,1
DA:29,0
DA:32,0
DA:33,0
DA:34,0
DA:37,0
DA:39,0
DA:42,0
DA:43,0
DA:46,0
DA:48,0
DA:49,0
DA:53,1
DA:54,1
LF:24
LH:5
BRDA:32,0,0,0
BRDA:32,1,0,0
BRDA:32,1,1,0
BRF:3
BRH:0
end_of_record
